<?xml version="1.0" encoding="UTF-8"?>
<!-- Generated by org.testng.reporters.JUnitXMLReporter -->
<testsuite hostname="localhost.localdomain" ignored="0" tests="1" failures="1" timestamp="07 Feb 2018 09:22:09 GMT" time="0.607" errors="0">
  <testcase name="signIn" time="0.0" classname="SignInTest">
    <failure type="org.testng.TestNGException" message="
Some DataProvider public java.lang.Object[][] SignInTest.credentials(java.lang.String) parameters unresolved:  at 0 type class java.lang.String
">
      <![CDATA[org.testng.TestNGException: Some DataProvider public java.lang.Object[][] SignInTest.credentials(java.lang.String) parameters unresolved:  at 0 type class java.lang.String... Removed 23 stack frames]]>
    </failure>
  </testcase> <!-- signIn -->
</testsuite>
