<?xml version="1.0" encoding="UTF-8"?>
<!-- Generated by org.testng.reporters.JUnitXMLReporter -->
<testsuite hostname="localhost.localdomain" ignored="0" tests="1" failures="1" timestamp="06 Feb 2018 09:36:23 GMT" time="11.844" errors="0">
  <testcase name="signIn" time="10.827" classname="SignInTest">
    <failure type="java.lang.NullPointerException">
      <![CDATA[java.lang.NullPointerExceptionat SignInTest.signIn(SignInTest.java:98)... Removed 25 stack frames]]>
    </failure>
  </testcase> <!-- signIn -->
</testsuite>
