<?xml version="1.0" encoding="UTF-8"?>
<!-- Generated by org.testng.reporters.JUnitXMLReporter -->
<testsuite hostname="localhost.localdomain" ignored="0" tests="1" failures="1" timestamp="06 Feb 2018 09:18:16 GMT" time="0.325" errors="0">
  <testcase name="signIn" time="0.316" classname="SignInTest">
    <failure type="org.testng.internal.reflect.MethodMatcherException" message="
Data provider mismatch
Method: signIn([Parameter{index=0, type=java.lang.String, declaredAnnotations=[]}, Parameter{index=1, type=java.lang.String, declaredAnnotations=[]}, Parameter{index=2, type=java.lang.String, declaredAnnotations=[]}])
Arguments: [(java.lang.String) 3006ravikumar,(java.lang.String) 54252gohangoku]">
      <![CDATA[org.testng.internal.reflect.MethodMatcherException: Data provider mismatchMethod: signIn([Parameter{index=0, type=java.lang.String, declaredAnnotations=[]}, Parameter{index=1, type=java.lang.String, declaredAnnotations=[]}, Parameter{index=2, type=java.lang.String, declaredAnnotations=[]}])Arguments: [(java.lang.String) 3006ravikumar,(java.lang.String) 54252gohangoku]... Removed 20 stack frames]]>
    </failure>
  </testcase> <!-- signIn -->
</testsuite>
